=== Job: publish ===
Run: 1
Date: Sun May  3 15:34:49 2026
Steps: 3
---

$ git add .

$ git commit -m "sync from mank"
[main cd62c2a] sync from mank
 524 files changed, 112 insertions(+), 30 deletions(-)
 create mode 100644 .mank/ci/runs/publish/1.log
 create mode 120000 .mank/ci/runs/publish/latest.log
 create mode 100644 .mank/objects/01/9da18a0a6421c15876f267b9fa926122c00c5b5e90a0f0f42d553890c850ae
 create mode 100644 .mank/objects/01/cddb751b06b255b388aa5c4afe521588b28650a5c5a5e442144eed5f620ad1
 create mode 100644 .mank/objects/02/23497a0b8b033aa58a3a521b8629869386cf7ab0e2f101963d328aa62193f7
 create mode 100644 .mank/objects/03/0ff41125f3112d446b25e3a7883da74b93cb315271467b3e2e8718a361631d
 create mode 100644 .mank/objects/03/7427d23d3d2e0be654316d56452708e9044c841297a062c39718bf88c59c57
 create mode 100644 .mank/objects/04/b9d864b27bdd90c96eb72a611775e323bd16d070ef34f3557927bb895d5050
 create mode 100644 .mank/objects/05/37ca4b2a58bf711ad6ffc9403e4b97e09d2d368b3dded5b2bce8f4c08735a8
 create mode 100644 .mank/objects/05/8fb843f0e43b98e97fe5ab2ff25326cf7e97a5d48242938b42e459db90b871
 create mode 100644 .mank/objects/05/9dcd096e79ff27bdb752c961b44d0d584ec47ea00435b0a9e787fbc703311c
 create mode 100644 .mank/objects/06/05df686de635be0bba1e5919e002647de09ae610470fab8c1de907d15561fc
 create mode 100644 .mank/objects/06/a0b2eef603a86ee3dc29cd3918e072b06d6d98d0d008158a36faada508536e
 create mode 100644 .mank/objects/06/a3a6505b900e1bc7e9c8aeccd689fc5c4b9590173da3b6bb7b17ee95e34490
 create mode 100644 .mank/objects/08/28056029701b978a5e2fda1ddcaeb1c23d83578e997ddb4790fe72c08f5d64
 create mode 100644 .mank/objects/08/359df20cf6673a3a8269fea77b48cbecbec57ec12ac0a965cd4d67d942df2b
 create mode 100644 .mank/objects/09/9d9fac813cdfb28f6b1fee92affdf7f5897685f4ae9fb8ec20f90f184c9ebe
 create mode 100644 .mank/objects/0a/10ae18809d45656d2e5621b041d4289085ddd1bfefa87d1f6673a958e67e6e
 create mode 100644 .mank/objects/0b/85312e8193b11864320a591855a7b67befb62c65505f551311641dc34822a1
 create mode 100644 .mank/objects/0b/8e9ccf88f5fecfd13b4840555f6a9e1c0917c8057a594dbe11e05b9c2efe5f
 create mode 100644 .mank/objects/0c/de7c38a027ea8740ab0840e34ff400aaa95a9cf3df4f222058d1dcac794fba
 create mode 100644 .mank/objects/0c/edbfaf147edad45cbc478c6e6a05f026e6bbcac9ee7308c778809f863de7c7
 create mode 100644 .mank/objects/0d/4d2d68d500aa8638bd62c31ab888e64de2f9b3d15c784566debb6c6295f71d
 create mode 100644 .mank/objects/0d/e136e45cdbbb28946b544b00ece634777fbb7beb39efbc42ee9f27826122fa
 create mode 100644 .mank/objects/0e/13792fded46d997e436525bb6d7d1da512cb3c3d3100b26eb30666a9a418ad
 create mode 100644 .mank/objects/0e/9d7821baa6e2e43ea728176808fc70b60d8462c8869cd814b08b4c2d0fe340
 create mode 100644 .mank/objects/0e/a74faf3bb3c1c47a3c08b0b1bc58dd0ad8cf3e099f8034bfb5e497afe24ddc
 create mode 100644 .mank/objects/0e/f3356108c7dbf1c07e5f2675ae7085cab6aa12e32b563232012f8176b781f1
 create mode 100644 .mank/objects/0f/3d0d70795e080e933cee9b2be7054c75e316f540ea922e03f4133a030b2179
 create mode 100644 .mank/objects/0f/a3328d3e932e825097708a5320d6598a93f43e2e14f12250d9939e8cbb9174
 create mode 100644 .mank/objects/10/3ea3fc874ad26036994709ede1406c1dd9a715e9f2dc26935231ea68325e73
 create mode 100644 .mank/objects/13/659b89891121794482ecea6b19e7dade78db416efc6b0a8d35a43e61f0f89b
 create mode 100644 .mank/objects/13/6d86d23c55e92b4626409d7d2788b6a1fe2845c6339442852b93350c81a0bc
 create mode 100644 .mank/objects/13/9b58c4568cac54b723dd1b1d651b434a5fecac5bbee1be06637c475c6c2cfd
 create mode 100644 .mank/objects/13/eaebeb145335cf9b0a5efa3551e44fa1d07bdff6631146d6e114756e01bf74
 create mode 100644 .mank/objects/16/4c5fa8067facf1a43f09ce3d0e35ebf53a7f5723ecbf15a8667cfc53c26f6c
 create mode 100644 .mank/objects/16/b828c38b4efc357d109092c8c47d67a831541f33cf79002ff4f413f94cbe37
 create mode 100644 .mank/objects/16/fc528136f681ad06d3b50c101140d56ea4b39470afdb7c5a071655ffe1873e
 create mode 100644 .mank/objects/17/01fd2e4857a5ad0fd8767cbb3cd0b458ba68b535a5be6a6f1e28719571c8a8
 create mode 100644 .mank/objects/18/1bd2306ec989a1f9f617f684dd937e106be3f54462a0aa0971db2fc9d59e4e
 create mode 100644 .mank/objects/18/24e3602b4b5b32b4f4af0da9955048ceec807546e7ca1fd2398686b30bda7f
 create mode 100644 .mank/objects/19/95128961a9ccc0277bd87072fda8d3eea8b12c9562fbf07496b78f2ca65ec1
 create mode 100644 .mank/objects/1a/17d1ca24fe410d63ab8f496f60573d98b49d8f85b12b9e58b6013091c3168c
 create mode 100644 .mank/objects/1b/04e7508d058003c9e42be0765929568bc8dd994bb7cb2d8eca574a0b41ad8e
 create mode 100644 .mank/objects/1c/718be405adb1280bdcf8265bd98dceb76b832dba6e1984b1cd9ff749a3127e
 create mode 100644 .mank/objects/1c/a1056ae5da17991bd8cde4623ba2d09b86c98b9bf5cf65192b978227f42121
 create mode 100644 .mank/objects/1d/1cd4cf48459c5f919209a3483c91a160469d6074f32118d7f49bd48b1e7fa8
 create mode 100644 .mank/objects/1d/5de723f03bfaafc3983bf319572f6b9036a4be6b89d0afeb39cfe5e7f30dd1
 create mode 100644 .mank/objects/1d/9b721b019995356e993295fa85dd1cbd8b3ce81759ad20a3c9e6b7dd8a5e67
 create mode 100644 .mank/objects/1e/3db21831d5149f3cef358229d3de4b6a47111af3e6aa1a3c3b2e45f780b586
 create mode 100644 .mank/objects/1e/8b06b1d5999c197f24398e4efda923e3a30f3de22eb78acb5dd25e86ca69f9
 create mode 100644 .mank/objects/1e/e1d3280011b025b4183be7be876eb9613ccf064c7d454364734840440f57ac
 create mode 100644 .mank/objects/1f/270f53eb36e0ce63d4d58826c67683b8b5eab95e125418e2406c76bebbba56
 create mode 100644 .mank/objects/1f/74d5e9292979b573ebd59741d46cb93ff391acdd083d340b94370753d92437
 create mode 100644 .mank/objects/20/0205add6ff02dfbc80d11d017ef75c47ac9b8f92ddcacc86684902dcf19f2b
 create mode 100644 .mank/objects/20/0cf4fc8369b2c86205ec804176e84218a68470d81bebd2a1444792998980f0
 create mode 100644 .mank/objects/20/8f549d4dbda66defe05fe616412e2cac96c1d20eafa93e8fb2212b77c841ce
 create mode 100644 .mank/objects/21/d6867ef380e11adffb8abe3847148238a55a689de22abb87ae73363b4a219b
 create mode 100644 .mank/objects/21/e8cdd955eec3b64a0c6c8bc136530bd7cbd19de636175416fe2155abde67ca
 create mode 100644 .mank/objects/22/3c9c579b43cda3893752bfe01e62de81e301e5fe8cc5be8dfaaa99d3538638
 create mode 100644 .mank/objects/22/4eb1c0904c081b27d5d0f7bddd5a1ca63e338f434f8b42b64537efcae8f3c4
 create mode 100644 .mank/objects/22/512cf7ad435a5246d14d6b6e7d74c455b016696d78f28f8e6ff0ee7fa9a0d3
 create mode 100644 .mank/objects/22/7392b6981f178f6f13d0f0a4c506e4374def58f3d123616ede61cda35f293e
 create mode 100644 .mank/objects/23/a9a71ab4cc48deae1b9de634734b83060ee47d3c0ae974f52ca4eb149d4887
 create mode 100644 .mank/objects/23/f125315f91638bae37917aee1bba10f19718f4d93d265ec39089ed8b60915b
 create mode 100644 .mank/objects/24/724ee9d968ca37f0c9264b7496d3d9993c0c43a433608dade7cce91bd996d3
 create mode 100644 .mank/objects/25/5db701e9486b631b6bfb5846751507817d149fb9ccdaab0e7f650f3ab66037
 create mode 100644 .mank/objects/26/06cc5fc790d6b5c41944ffeb9acc05bcb429373b2dc51825a36849f3de0bde
 create mode 100644 .mank/objects/26/c166d9633c1a6988bcbc96c4ec39b1af7b4409cfa11279a6c195a2af910c72
 create mode 100644 .mank/objects/26/e26db2530deb25d6491c825101608d2bccdc9d025a8493d188db6b4343e24c
 create mode 100644 .mank/objects/28/a91700fbe6835d049e5c8e5564790fcfe4e0c3544d55e2917f57a7022159cd
 create mode 100644 .mank/objects/28/d25bf82af4c0e2b72f50959b2beb859e3e60b9630a5e8c603dad4ddb2b6e80
 create mode 100644 .mank/objects/29/0990986b549cc484f7217773e9c077a62c5fa8a8423a7cbe8233335a8c1632
 create mode 100644 .mank/objects/29/b91bdea8544fdece3de4ce8a80ea5fa8fa6b72d7f65bc0d9246d1ef3ec8778
 create mode 100644 .mank/objects/2a/3cf2bbd58d004dfe248f3ffd12bd7e074bd05e9e7b03fbb91cdace5be3a581
 create mode 100644 .mank/objects/2b/b6a24aa0fc6c484100f5d51a29bbad841cd2c755f5d93faa204e5dbb4eb2b4
 create mode 100644 .mank/objects/2b/be2ed71e155a050c215296ffc4b0dd0871e0e35209a7d04fe983f02f81b111
 create mode 100644 .mank/objects/2b/f0ef4a7c4711475637856884f5aedec4c953b339cd76c8297391a83173c5ab
 create mode 100644 .mank/objects/2c/697194ef3acc7edf866736d56764b36526b5aaa324e1d8b809f35fe0fac1c5
 create mode 100644 .mank/objects/2c/efbb3aae2958aaace9a5ee24632d0066163d67c83524063a004ec87f92e956
 create mode 100644 .mank/objects/2d/58f7ac3aeee205fcae22f79e735c45b8b0d42d3cb0018806d6d055fde7e86c
 create mode 100644 .mank/objects/2d/74840d673496e37044f95887722e5208a88c1af3ac78aea754e5c5eb0bbbc6
 create mode 100644 .mank/objects/2d/9ce56bf285a5d541fe488cb734ae968ed84d9565c0e48c70b43100604c2647
 create mode 100644 .mank/objects/2e/368320ec61b5acaecd7d005f541ac5140f25577cbac83cabc603e8060a11d0
 create mode 100644 .mank/objects/2e/cf0c3c6c3f31d90fd41f6929c33aafeb5494835680e50e29f6e9de0a0ac212
 create mode 100644 .mank/objects/2f/2637a841a0a13cf3f035191144ee7ab4ed2f212ecad40e056bd4443b33f369
 create mode 100644 .mank/objects/2f/bcf016f349f76d29b61bdd391011c1a2e6959606023ded3148e81cb1c1b201
 create mode 100644 .mank/objects/30/40dcaa0b21156d7f3913ad235e496c616bf61da30a1367557a0b603f18eb9c
 create mode 100644 .mank/objects/33/190c5ab9d29a2fb21be28a9edbf13aea0a82045cc947f3ee668e1df918eac2
 create mode 100644 .mank/objects/33/6ac22fc538f3295dd68cf0ea406fb222205fbf7f132c61f0341ec94168d092
 create mode 100644 .mank/objects/34/0358f8bf09385ff6eef2c0a43a775c1548a7b228669b8c37a0cdfbb36b2805
 create mode 100644 .mank/objects/34/4f26c4a7a9a905868acfc6a6822bd6619ef1ac71324caec933e3645e8fca95
 create mode 100644 .mank/objects/34/b8d89b92b4aa15378f486a17c8f3385e8c5cc2a1945ae471a446f6ce1bba1d
 create mode 100644 .mank/objects/35/0911100d5625b24d4ccbda0f869089a16bbc353b8b2c18d8ba7f5d41ffe530
 create mode 100644 .mank/objects/36/5fadbb8158f252fb9157276ba842d98c0c2df13ea217ceb3c4f6518a2fb973
 create mode 100644 .mank/objects/36/611accc362a2a848aaed2d33fc1265ab8054dc65db1711f7c09968ac4fd4dc
 create mode 100644 .mank/objects/36/e90c2ce1e8202f7bd25e54e5579e500d2d2d8deef4ed13c4b86ed40fc07c08
 create mode 100644 .mank/objects/37/317a9e9fbb0d7ce161cc3c0b4ddef7eca9148fbc8abd8e36272b006a08a045
 create mode 100644 .mank/objects/37/3281d7c4e2541d1383088e10a356af9623b5bacf6306808fe422f93f0f3502
 create mode 100644 .mank/objects/37/3654b5c637c0e4d84fcbbda0869c2b15a7e7f3b54a41665fe5b26d927a91fe
 create mode 100644 .mank/objects/37/5d46eb1626f5c300e856995d19fdb5e6c3d6b40f3b9b939675457bb26a937f
 create mode 100644 .mank/objects/37/65969ebd6cf96e18f3941d92ad356c03efa6d338baab4c0c13445af4264f17
 create mode 100644 .mank/objects/37/89c3f55bbc4a5b8b7292a9af16bb6a2e69c709532e4cd401b7c5bc0376481c
 create mode 100644 .mank/objects/37/905d37a84dbb698741d6eab8ecbe7c5467dd156d04dad4921c3a6bf406f773
 create mode 100644 .mank/objects/38/3aaabb693834de57dcd93993002a36a7f560e8551d19e9d7a604a9e0984e16
 create mode 100644 .mank/objects/38/b6f03accebb633d8a5d925742b4f16e2b63ad42ac9788b1325418e450684a0
 create mode 100644 .mank/objects/38/ee9c729063f4163eca0acd6b50c9f329299c3d5da1b8ddc5e89feecac59ad5
 create mode 100644 .mank/objects/38/fa3a687dea8dcc2480be715eb6d8c0e9d6210e475c4a2d7c7a91a6aee13072
 create mode 100644 .mank/objects/39/02f3e3d30733181bc6238a746ecc9fc8fcbc93277a8812df97e73c66480940
 create mode 100644 .mank/objects/39/0fb92af6eb7719da15c6c3175d583d27bc3051a893ee2e9596624845211744
 create mode 100644 .mank/objects/39/1ba1a0e159c3a838b351de6d087cea2a95e1853b078a7a4dbd474d52308461
 create mode 100644 .mank/objects/39/a0a86660daa24d480dc3ba5ba93fc4a56dd6fcefa2a74e402e16a20390a75a
 create mode 100644 .mank/objects/3a/688b42cdec3114d71e95ee76235fd0adeed1260d7414e42bfcccd52ec48184
 create mode 100644 .mank/objects/3a/dfb32b87bf997b4c7c8ff845c727bfabc0baf06b6c337bc2e6c487b3acbea2
 create mode 100644 .mank/objects/3b/101973c641b521185b5911d7b516cdf422b03146368c0e5a88dbde3b33ec86
 create mode 100644 .mank/objects/3b/9ffd61ac97b051bbe7aad66f7484d63212168740bdb9abdcbd6f3541c249fb
 create mode 100644 .mank/objects/3c/d8f38ef5754f29c0111c6f2d378adcbc0f81e3cec0ab2a5eb78d70722c33b1
 create mode 100644 .mank/objects/3d/1a73b2f7fd4d01567600a1054689dcad35520f5795461a819b3c2be669533b
 create mode 100644 .mank/objects/3d/33699964d39791eca5975fefd2a0fbeb805dde473a16beb5fa6c7dfc0d06a3
 create mode 100644 .mank/objects/3d/7ed1d4fc27deb2399c0370ba7a40b274b7cfc3a45f4871e3a854545f55fdac
 create mode 100644 .mank/objects/3e/e46506e53418828a53ec3ee43ca8004fd55751c2889c71ef07959939ef47b8
 create mode 100644 .mank/objects/3e/f97684079a28318b43e2c7a9f1b3d7fdeaea2409c6f2863d1c90177d1e76b4
 create mode 100644 .mank/objects/40/e6bda0802bc6d687762c9ef43b0d68feffb2b6aeeee330117fa8e6af4cdf7d
 create mode 100644 .mank/objects/40/fad9f55b5536723b894908478064f96f83ce3745a7c2a2766208bf00f19885
 create mode 100644 .mank/objects/42/0aea538cb63342221ced8e56fed32f7e84aed6a235d4fb776673ef5721bea0
 create mode 100644 .mank/objects/43/052a8ff71d24db722090e08c9abc5a6b6f7a2cc20f8fbcd9f094b01e948f6e
 create mode 100644 .mank/objects/44/ebfc923dc5466bc009602f0ecf067b9c65459abfe8868ddc49b78e6ced7a92
 create mode 100644 .mank/objects/45/1a430d55bed761fc5757fec116c78bb6d7d56843513ba20fb250a0363ad2a4
 create mode 100644 .mank/objects/45/1ceb6a06b5823d36e054c9589d87215739ffad9fb0526c88990984535e13a4
 create mode 100644 .mank/objects/45/715b78d91743a3ae8d2e870480efad7409c86f7db722a4f37a227b5d699f0e
 create mode 100644 .mank/objects/46/37f33e5232a3d90ecc11403233e341c206fa16721f2699000154bf401f6a28
 create mode 100644 .mank/objects/46/f399c7811a69015e2063685528040309921aa118525185ddb277fde01d337e
 create mode 100644 .mank/objects/47/237c4dc1ca4a07230484a8ecc25fa616761ef55cd3568dec8c95630a8ca0c4
 create mode 100644 .mank/objects/48/2bf0c51b9470b1bbed47d43bf620e4103855a23c1c3c0c6e8e0dc66dda30c3
 create mode 100644 .mank/objects/48/9cbab5bf0732dc69bbfa024b5ce49fc454e8399a8e100069b56b8664269db6
 create mode 100644 .mank/objects/48/e28db4ac7f041d3ed44fed74594eadd1b4812bb329b47a0a6663b6a5d61c59
 create mode 100644 .mank/objects/49/93430f931dd1aa61dc887420e47573cb136a92c42d72484ea34f86f183e4a4
 create mode 100644 .mank/objects/4a/367fc1467b1ba9e5cc6405668d0d60ffadc53115d8b57f2979057d804e73d4
 create mode 100644 .mank/objects/4a/9812abc221277d9c2162fb3995a951e8cb3e4838e0ca4faf94395a811e0736
 create mode 100644 .mank/objects/4a/e22db14a5f94b51e0e63ce8e8265a6db11e3163e26e607ac0538347a790a97
 create mode 100644 .mank/objects/4b/6157d49778c83c01e407f50504633e4cdaa56650377f9d22724a8af39a44ab
 create mode 100644 .mank/objects/4b/f001c3fecbb59a3cfa064460008b94304675d0fcf56aaf855d5b29dd8fa757
 create mode 100644 .mank/objects/4c/5baee93dea94bdb5e228857cedfa50c34c12af0dd29a56e47612fff5d4c4db
 create mode 100644 .mank/objects/4c/ae4e2f82fd2f6517508bba26d5c00cdf79ff993bdc5444c31afd56d6ccaea5
 create mode 100644 .mank/objects/4c/be0350f4355b5c53e64e29a7aa1feeedc4bcc2eb47016a8d68c64c8cb2a0a6
 create mode 100644 .mank/objects/4e/2502372d929eca12f40a18eed1f04b6c68ef0fb44298af3e204b57f06d10eb
 create mode 100644 .mank/objects/4e/55bdfffc4c427dc1915a5ad8650c90185bfa7b9ea56d3627dd77c93e913228
 create mode 100644 .mank/objects/4e/5d0cbff694d5ecfecf62e866adf0c50c56ab6f028ad0aa914d510ed9ab68b9
 create mode 100644 .mank/objects/4e/6f78f860372570497e31fda748b4f9d9ed56de11b7c426780ae285a3b765bf
 create mode 100644 .mank/objects/4f/5b26f9dc7793fbf0abe97df0c01910f3baea9422722d735b048c0a3a20d66b
 create mode 100644 .mank/objects/4f/9db01b943316e1a7d41e509efe9c986e256e6494f8f1f6ff85a163fe0e7336
 create mode 100644 .mank/objects/4f/ebce867790052338076f4e66cc47efb14879d18097d1d61c8261859eaaa7b3
 create mode 100644 .mank/objects/50/38d7ba109069329c48b847a70b816237bc7b9dcca1c8f5c531f62539bf80ff
 create mode 100644 .mank/objects/50/bf938507cd5f2d240a38b1d0ab8ecb6165865369a8c981ca7e5382b63513c9
 create mode 100644 .mank/objects/51/262ac1940a2afb2df094252a0e7bab5d21839fd3656f1f327d5da754371fea
 create mode 100644 .mank/objects/53/6285e043d5fba09182d99d8af4e730d1efc0da95699f5ec052e7266656e9ee
 create mode 100644 .mank/objects/54/189788a9f02458ebec46734c398485b016145d66b2264d781e30ce976ef2d0
 create mode 100644 .mank/objects/54/9843b38de9a0b0eecf86ee02e8905dd5c1d9b7617e23cf2591ee279abf772b
 create mode 100644 .mank/objects/54/a531c9d39ee7390a29fe72f7629701c072fd04a5576e7ee1f46e1114681e8e
 create mode 100644 .mank/objects/55/354093a9ff089a49cc5e80f54fde02953769275756f88739f50487d5ad0c4a
 create mode 100644 .mank/objects/56/f121fb7e0840e53526c8ff0d8c9baa0eb062aed5ceac13827f20f6e9f0e9ce
 create mode 100644 .mank/objects/57/0426198f1f4124ab7fe6b3e3c18349d21094df99ce7ba0db6cb89487340967
 create mode 100644 .mank/objects/57/185b7b9f05239d7ab52db045f5b89eb31348d7b2177eab214f5eb872e1971b
 create mode 100644 .mank/objects/57/26dc442c65136b4caa3d5cf40c23fe2d4baa7ad39f1b644a39e9d7a993ae5a
 create mode 100644 .mank/objects/57/edf375ea86d424b7be8b851a834f5b59c198e85078f53e65c0dd41fcedb237
 create mode 100644 .mank/objects/58/1458183f8a8bf8aa944cb2ff2a8331a626de99aff84f2ee98bcd8837f423f8
 create mode 100644 .mank/objects/59/21c3cc46ca938aaa790a6a86fff56de6ada16ec9a9839ee2b53461d8624266
 create mode 100644 .mank/objects/59/4834ff9605f4d16410086c6ef97149638c62620353af6a861011bddf59ab6d
 create mode 100644 .mank/objects/59/53ba765f754c3d53589838cd3b6bbbc888ffde2601dfd5e3ca2e1b150e6dfd
 create mode 100644 .mank/objects/59/94615f0561f6238915cfe7be0722d45fb6dff7d5f4184bd74b95d462a054aa
 create mode 100644 .mank/objects/5a/006ca2acc8aaf13bf73256e05f0a95d3028be361b6247e903b2d290ecffab0
 create mode 100644 .mank/objects/5a/099e89c6caa779d3ca707fb631f066cc55fc62d0384b70d0bcae15dea8c8fb
 create mode 100644 .mank/objects/5a/514e3190964ad077374d6fc451b841e9f4abecdd1a7d77e5d79703b8b71561
 create mode 100644 .mank/objects/5a/824f06a776f68185533b5e3884831ba660710cefc40e4cc356987847e750cf
 create mode 100644 .mank/objects/5a/ab5b299349729eebd1932726584a0579e59ec2ecd320d35853b6f6a6d7329a
 create mode 100644 .mank/objects/5b/6150bd25d870711b5a2a82e8ff014af0b529e83f1cae3046bde0b3d821554c
 create mode 100644 .mank/objects/5c/0f6a5263fa185635a0a7c58b1f3eb16ab0a941ca270efdd8015d0743aa2a9f
 create mode 100644 .mank/objects/5c/4cdaa9e404a09615facbe9e1da58dcb9be8f9776d833cf4db4633eadc5abce
 create mode 100644 .mank/objects/5c/d43b021d30fa21dc0fee793b69bf38c262f4ee174f0439f0106496f9ce0b6a
 create mode 100644 .mank/objects/5d/17231caf21eeb100cca1d597c31c002427594b3fb77d4a0e7c64d02ef269b5
 create mode 100644 .mank/objects/5d/cc0791631b425a9ed0c468e3ee4212802049d8144e85b92b259e2f34c93305
 create mode 100644 .mank/objects/5e/ebd43d01953f290e9bf29d73ed758b3c51f24364f0a57c9e0cc0d6a09edace
 create mode 100644 .mank/objects/60/87032e87ea3b9f8af899768c924722010e49f890cdc1ebbc3b498eba865893
 create mode 100644 .mank/objects/61/7680fd1e05d55735fead66457c7af7ca1b387e70c112e19b9a989beccbd8c8
 create mode 100644 .mank/objects/61/83eb145618294e58718f0dfbde9540f944c418740d652380dd2d863bc98252
 create mode 100644 .mank/objects/61/84966e91fb1c0c8e9aca4fb638cfea43fa14b29c20b859b827a50d1cbd099e
 create mode 100644 .mank/objects/62/0508966646cb6d9ae9d07fcee5495308c82ee900570501fb351c861c1f02f8
 create mode 100644 .mank/objects/62/0e4514a7303166caba30cde73f0ddcdbb7e28be44198437f1dbde1900ca7d4
 create mode 100644 .mank/objects/62/5b08432499bbde118b66d111c968d1bfecc98a2280a1a62e08c26b801efaf8
 create mode 100644 .mank/objects/63/64ae51dfa387050a3ce38caad2091733d20b419d92b987ed54a20aec788e8c
 create mode 100644 .mank/objects/63/75a8907cc5f017db36e4c2aba85d69d251649e5492aebd2d602f42215d5268
 create mode 100644 .mank/objects/63/cc18c6860706bf9426439828be2735b4681ee76f54fb20c6850302a47e9035
 create mode 100644 .mank/objects/64/09756004e2942ebc39f73eada6ee615071f63775b3569da56ead335f34f268
 create mode 100644 .mank/objects/64/f937ad4f3087df248ceeee077c3220ebee24704782711acafd11c276cacc08
 create mode 100644 .mank/objects/65/28ab0c5633e01dd7d18804bfcfca0f0f679ff4674aabe0ad7e96a3e819cbe8
 create mode 100644 .mank/objects/65/3e7c8bf478e3e00510da37557e9207affcbfead6dd9029ba3cb007f086cccd
 create mode 100644 .mank/objects/65/5d60e84fa87bd1ebdee01df5473ce0b8a92e275921718b3ad4c48eb39a09e2
 create mode 100644 .mank/objects/65/d1136491acbedc5acfed8301c74022120bdba2d643a21e5eea81c3ae5496dd
 create mode 100644 .mank/objects/66/71fe83b7a07c8932ee89164d1f2793b2318058eb8b98dc5c06ee0a5a3b0ec1
 create mode 100644 .mank/objects/66/7a62ce495267a5f9b8c61c4cf8fa8ac57b18e0bdd11f9b714e3836e938eb96
 create mode 100644 .mank/objects/66/db961c647259133be59f71a066dbe00700528948f3633dc4e6c197f1824604
 create mode 100644 .mank/objects/67/10fd266bcb800c1b79b018e76652187be78be5e2c94acde8f37b274bd6d834
 create mode 100644 .mank/objects/69/04ff7fa5dcb5f86aa61c5364e31973eb2208880e48901f11de905f450e30b1
 create mode 100644 .mank/objects/69/4b03e36c1a6a08a2b74769eeaac6d1bbac31a150700ce872f531bc85d85519
 create mode 100644 .mank/objects/69/af3555feef1f4091e48808f6a422874c271674e4706049ea9e6cf4b3fd1373
 create mode 100644 .mank/objects/6a/21a4d3a9d981f3c621d5b320bb9c4345a37e9f387e741729de83a0484be99f
 create mode 100644 .mank/objects/6a/3ca98b496897d38b222b56d90e1d02aac4351ec6c361054d0307b83b7e1ffb
 create mode 100644 .mank/objects/6a/d44b8e8294d3fbfba4fe0c92d1aa707c65a184b5347cef641f4a3d45f69c8b
 create mode 100644 .mank/objects/6c/f54d5a64492f6881861efbc5108c1ffd0a8ec32ff83c6726e7405e58d75afa
 create mode 100644 .mank/objects/6d/067ab9144d98bef5c6224d9f1ba9eefb0f63942cfbe52cdf908a76c9a4341b
 create mode 100644 .mank/objects/6f/65c12964aa3153a42cfe1430de39a42052d50c3383ce8a31fb68751b38b6af
 create mode 100644 .mank/objects/6f/71e750bf7c5529a0c3805b511aa6f60c67c892d324ac3a31b4a0265a34c131
 create mode 100644 .mank/objects/6f/c4fa1ea3dd5e1aab01101448300bc769d2a526f5a7d2711fbd0bf30b5a6339
 create mode 100644 .mank/objects/6f/e68baf365015046a0a5489b44fe59a05920bfeb12d14a04f65b17c42282b83
 create mode 100644 .mank/objects/70/0bace101ef72a884677547901dfddb30ebae4bb47ae27d6ef357b48fdc881a
 create mode 100644 .mank/objects/70/bb72e9b186c74676b61f4d882415ea7427a80a40d1f3624127914bb1625e78
 create mode 100644 .mank/objects/71/19cc235a1a3b38760d7a398c313cf043fccfcb4a90c74ac3c92fe8b147c454
 create mode 100644 .mank/objects/71/57f3de31753c0e4de5df087095a4935545a55904e0c5699e326c1b90419ae7
 create mode 100644 .mank/objects/71/ac87b72ca56b90bc85a60c056880310fb9cd9cf34e2f745ecaa39274642b32
 create mode 100644 .mank/objects/73/5caa28537c5cd5b9b2e9f3901818d1bed7f87de4030b1d16c48d39d14b3afd
 create mode 100644 .mank/objects/73/96a8303f926ed6e61329bbf45b80a76f8092d65f9e08d234638777316c31ca
 create mode 100644 .mank/objects/74/a313561e2ca0f01dc43d5a2f97c6fba21a6c8bf5763ba96ec22019881fd18c
 create mode 100644 .mank/objects/74/c894aa7797ff9c0e8235131a7dc195f26221e4b60a830385520bb9398b5d58
 create mode 100644 .mank/objects/75/8852da1d3e2dd8f223c5661a78389873482b6a6309293389765fab0b386f39
 create mode 100644 .mank/objects/76/17fc219756b9307e71ee7ce24f71e8de095647fdd0f7fa026ad850e2afb868
 create mode 100644 .mank/objects/77/90664453f547074d3da7b098663ab5ff6e3c3bac72b61f3db656306e5a5ce8
 create mode 100644 .mank/objects/79/432475d653c2d593bf3cd21662004fa9d146b3e8f30282f3231a747a4e40ae
 create mode 100644 .mank/objects/79/6c4b17bbce80a66f3e414ea9d98526b3723776869f986c30088f92273d6dc8
 create mode 100644 .mank/objects/79/8d10ac71f2c18ec560b8b0b8f2acdcd6f8203cec39f95b9f761590a4f95212
 create mode 100644 .mank/objects/7a/1cc6bb493b78980d5703a52e02c2cee99bcdebdef6dad6a7cd11e30edc14b2
 create mode 100644 .mank/objects/7a/e664b2b1ac14a0ee0b0f456acbfdbb2005e56d859f0b0b71845c3c0a979cd9
 create mode 100644 .mank/objects/7b/63fe724c65bc46b38097ddab74d10bd78b1ccd9eee21bb54dbaae5c2a372fa
 create mode 100644 .mank/objects/7b/9f1837cddaee8dbea55a966324ed86477b7d1fe14182c7e24c4fcb38977e85
 create mode 100644 .mank/objects/7b/b0aa4dc9b8c9b9e80227363602155de425b9411b97ba3ac08ae2e1f369a197
 create mode 100644 .mank/objects/7b/e00ffd55d3d1059f17774098dd6a72569f448fc621f81598aa4e94b8a7a419
 create mode 100644 .mank/objects/7c/f8e61b36ba975f43ab4983adb5ff0bebb4ec1de7341cd05d1ecea63e20b5e9
 create mode 100644 .mank/objects/7d/35634972608dec1fe171e083950ba833449cd3be7ce050c259200121e30170
 create mode 100644 .mank/objects/7d/90e054f188106a56973733a61e916e312850e1b11ede81e9d9dcbe23ce602b
 create mode 100644 .mank/objects/7e/8f518ea6c7749140e53caaa8a696c9cef92da665920dc7d45a1114d51b9375
 create mode 100644 .mank/objects/7e/a9ad1178f93ad91d8286357abfade1abd3a0b86d5dc178ef0b8b486f8f7f03
 create mode 100644 .mank/objects/7f/69035a6322f73c0b5972b37b5891395953c5dd913f0e3c966722c1cec67993
 create mode 100644 .mank/objects/7f/b95d811aeff60acdda5a3d2e5c261870c9df1f9e8991efd97b563acdb03d53
 create mode 100644 .mank/objects/80/4b10e3c56e079bc95b831c43315809504907356ead324a57947b153f206a5e
 create mode 100644 .mank/objects/80/53897f25b162fd367f382b76ded994aa255f4b65d5e08901a8045b7dd56d52
 create mode 100644 .mank/objects/81/765af2daef323061dcbc5e61fc16481cb74b3bac9ad8a174b186523586f6c5
 create mode 100644 .mank/objects/81/b4a0a30fc9b5ba0fe5d3c28ad7110cf1950906f8366dd2466410c3ae1f578b
 create mode 100644 .mank/objects/82/d1d54e96ade4cfd0b5eae153e6fd2273a3f408947dbe411bf2cf372f11c31a
 create mode 100644 .mank/objects/83/10b411a8c9daf7ff2722924ef40d262883b8e8d07083c14a818659e1e5372b
 create mode 100644 .mank/objects/83/50c420d143072a214e21e20f992a42fb4a828053e243b6481055c33a5ee936
 create mode 100644 .mank/objects/83/701518498912af2170d281180512aa8ef65d1068b4725120b87c6e7c10702f
 create mode 100644 .mank/objects/84/6d8f95d1f85b1941cea81684b00a6c8cdfd21f790effc65a58da0f2c893bb0
 create mode 100644 .mank/objects/84/70ed149a1079641f866dedf858e9e5611a6b02242ff9547eec89a4761c9d4a
 create mode 100644 .mank/objects/85/2eb9b75be8c58b670255376360257d33e82bb166e1b84c3fc0896ccb752331
 create mode 100644 .mank/objects/85/ab6c163d43a17ea9cf7788308bca1466f1b0a8d1cc92e26e9bf63da4062aee
 create mode 100644 .mank/objects/86/f344ba81946ae5800248b2f43f9961d673487f73565947e969ef29beecc880
 create mode 100644 .mank/objects/88/554a0ce6afbe8eb0c1a436f47dfbba95dadad98e15e419a2f194e3908f5991
 create mode 100644 .mank/objects/8a/1a5e396fb0ca331ae766d406ac9e6b8a643e7be5e87296672711bc3f5e29f2
 create mode 100644 .mank/objects/8a/3c4cc316b31a779634311602d9b8dc785f0a52d64f918d1f5dce7a85dfa614
 create mode 100644 .mank/objects/8a/861afeb6a4a345970495d63340f974ae8a7db6d47da347fa2050fddc959851
 create mode 100644 .mank/objects/8a/a6cd5d4d071c4ab9c3b58da271cfaf6f9a694e6487f824908cafdc17def5bc
 create mode 100644 .mank/objects/8c/51174c7ad87c129f40fa3de1b2c1071fed8f0f0bc8ee60a61f8fa45ac1a2a6
 create mode 100644 .mank/objects/8c/d74f66a25b506fffb40f379e8beb16e735ba44930990af42f7a8df2f0b0a58
 create mode 100644 .mank/objects/8d/181213668dae8b0ee1760245f522fc987bbb787eb45f89b323f367dcf980dd
 create mode 100644 .mank/objects/8d/5f2fa83e103cf08b57eaa67521df9194f45cbdbcb37da52ad586097a14d106
 create mode 100644 .mank/objects/8d/a349f1f1034ff52648bf4c796d64aa6055dab415a6fcad4661e135082be689
 create mode 100644 .mank/objects/8d/b899cd39686511a1124751032eab9b9fa12f942c8fb2d902447aee532c35be
 create mode 100644 .mank/objects/8d/b9d0da296b18bba0956bb4cbadbe6ba0d7decc1b55be88124f6e2762a557db
 create mode 100644 .mank/objects/8e/0b2dbd462171a91c2997b158768557551f6aa8b7329354afb46e34c4ebc0d5
 create mode 100644 .mank/objects/8e/676f805aea2ba69740155121bdc7b5b56b619e4b028849d34755d53e0c050a
 create mode 100644 .mank/objects/8f/4047056a289accdd96ddd4ab93a362b3d892c312083d659102e44810edaef1
 create mode 100644 .mank/objects/8f/41e84386634a04a6b3db773f2378128da1dc0fae39378b4b05a81a5f6ed1b7
 create mode 100644 .mank/objects/8f/61e7ec1b743cd75a17ed16c6a87ba826267eaf7b7e125767bad6fe4e851efc
 create mode 100644 .mank/objects/8f/94d55026a37f788db7328f8eac668728c68f7574fd9791cbb968c93c4c94de
 create mode 100644 .mank/objects/90/3593f0993fc2a1f6f5643b178e35f4be8676800d2b8ce98e66813f66f2f958
 create mode 100644 .mank/objects/90/435db21e9902bb17e4bcf670b947a6e66534b1c6bc0cd875ab60355424b0be
 create mode 100644 .mank/objects/93/09668bdf4d8a4fb64a3febf4390bd0d4fe550de2de68716695dfef554dba3c
 create mode 100644 .mank/objects/93/162339e654f367911508c1c4fd2b64b776a1997ad8590632429d424b5af0a4
 create mode 100644 .mank/objects/93/e3e1dbe6a5a7e949feff2ec6fc7be3eb49514e113d5215e81a0efea3412adc
 create mode 100644 .mank/objects/94/4c3aab5612e2c023dd5c795637defb9287444fcd0b0d8d0c94185011409130
 create mode 100644 .mank/objects/95/0354a6364d9277ca0ac750e8623826b9e65a45f8504128ff85869ade371622
 create mode 100644 .mank/objects/95/64002377c5ab971555dca5dfa691fe35563c0a12c44335bd912707ad0d85ec
 create mode 100644 .mank/objects/96/4ca4bc8c2c622617455e113788375b6b192aec47525500350a9609a67b8d41
 create mode 100644 .mank/objects/96/ff625423c3fa2f1a77e68d9b96fe17451473823dd4e73aff119fbb01cdc9ed
 create mode 100644 .mank/objects/97/1005a95022ee70bb3ed0f3f771874ecc1dffc9dae7642ebb6847fe99a30097
 create mode 100644 .mank/objects/97/bb0410b51e8811967ea5068b025c7659dac7a436964ae4567d521caecaed06
 create mode 100644 .mank/objects/98/752e283c6556746ef05ce5bcc2316ad1f5081ecea1526078346b996c88dca9
 create mode 100644 .mank/objects/98/840b3438069e5625da9d9b379438164ea148ad66fb176beb1e170f7b170703
 create mode 100644 .mank/objects/99/251890ffd192ae421f71babfb34f474c49639375b5bc7d0540f1b80602424e
 create mode 100644 .mank/objects/99/27e1f2b272ee17360c005a287c98d1c1f5b1f77d61b1b66f5bba5d8857fbc5
 create mode 100644 .mank/objects/99/6346a33b7accaa61a9fd4f111a9403536d6fa0f845928be2c499e17df2ae1b
 create mode 100644 .mank/objects/9a/42b3e8c1b5821215d0e46876a41270797901a6e3111a1478a82498a267bf4c
 create mode 100644 .mank/objects/9a/9bd4ae3947195bc601b187513f2b0c4dc7125de02bcf998333fa528221ea89
 create mode 100644 .mank/objects/9a/ec1290594c1961ea12926a102f71afd9920bd5cc2ced91ba9f949920f7d286
 create mode 100644 .mank/objects/9b/0c3c3dcdc3794c75885ce3c874f00f231f618e6e5b569b6f79c694687713bf
 create mode 100644 .mank/objects/9b/4c79b4b30cf547afc7c08092db710e5fbe34011507793cfdb55236ebcad982
 create mode 100644 .mank/objects/9b/9a912ab4fef22418929a99a87f14a1fd79465c3c51d1c1c6960750da155f65
 create mode 100644 .mank/objects/9c/7ce408aeba265f11d172afa10190df812a944fddbe352d29cee2c5458e2d29
 create mode 100644 .mank/objects/9d/35a7dc63c9ccda2bbbbd0fc996ed067f137c4103b68f655b5f4ba83f088e28
 create mode 100644 .mank/objects/9d/7d5a5986b41b254e75aac1c6ba82f2b181d7910f937b75739b776dc878d084
 create mode 100644 .mank/objects/9e/0a97b927725904d7501b30b566c978741114306538a131d0fee816e1fda490
 create mode 100644 .mank/objects/9f/674466d40badd6460c6fe327295d6614c3f57aa35459dca3a3ed56f5bb316a
 create mode 100644 .mank/objects/9f/78a9b97b572f70d27da38d71ef240fb606e9c68959251155fcdfd696e25f82
 create mode 100644 .mank/objects/9f/798514299d11a12237b16af5509b42862bad339c9229b9f1a318ae4bfd723c
 create mode 100644 .mank/objects/a0/91ea7c49d724946383f27bb7a086fe5f2e21f3d34a7a92bc2b3efa81bb4c91
 create mode 100644 .mank/objects/a1/1c9cc22f251940db7033690f4d42ceee0e1b78a370eb5fe8fb6b5247a474ae
 create mode 100644 .mank/objects/a1/cfccf7ca43390e18ba8af44768617608f4439e04812615e7db3f3eecc683c8
 create mode 100644 .mank/objects/a1/e49a1e5e6f86d746606ff227be658a0bc3d9a9be04786bb98b84c47ae84d6c
 create mode 100644 .mank/objects/a2/0d963744c19e28b9ca53498b5fb98e6c00dbb1519075133b3dc97e626f7b0e
 create mode 100644 .mank/objects/a2/239b8a51fc183f0feb45768f83e463c0386538675be92045a7358dd1412b32
 create mode 100644 .mank/objects/a2/bd4a0e1455570331ea90de87416d8dd0b0052911e8f5bf4673ce9efc2200df
 create mode 100644 .mank/objects/a2/c079fef536b67ff7417fb55e76783991abe723b3bccb7229a582781b846f6b
 create mode 100644 .mank/objects/a4/c3d2b9c7bb3fd8d1441c31bd4ee71a595d66b44fcf49ddb310252320169989
 create mode 100644 .mank/objects/a5/3d0741798b287c6dd7afa64aee473f305e65d3f49463bb9d7408ec3b12bf5f
 create mode 100644 .mank/objects/a5/44b8a2de54fd8a36b481a13704c6717e6c51b5bd8fb0db3baba0f9f51c70f1
 create mode 100644 .mank/objects/a6/5b30536ffc208c2d588d5a981216276208cc9d4de43a818207baff286f2f0c
 create mode 100644 .mank/objects/a7/0bd3baa2faefcbb9a111cdbb046bf03b22551d949e6315ea5cb54c198861e9
 create mode 100644 .mank/objects/a7/53defa77c52771a5d541ae1346ddc6b7e11499e76d888cb329997a25578507
 create mode 100644 .mank/objects/a7/78f426920d2a5aff723642004cbbb7bebc8091302ced8c729afd5455f298fb
 create mode 100644 .mank/objects/a7/7bc25700e6d95bcb14cc4ce93a36359b91f0daa97db937bf3e2fa979e448a1
 create mode 100644 .mank/objects/a7/b1977a71b68f2669b393dff585eb5b0f7310065d22d51c928834db5e1164a9
 create mode 100644 .mank/objects/a7/c4ec50cac83dba36e6bbd885d48d32b0be10bec42ef216f4308f870b752cd4
 create mode 100644 .mank/objects/a8/6a85178f7c1b4955f5b07885009164181f54738d0431ea08f18f6748d27900
 create mode 100644 .mank/objects/a8/b6644eb13b6d491710e5bbc673d51ba94cbdd4a0441440ab5f8320a51930fc
 create mode 100644 .mank/objects/aa/031cb657a71d482679a988cd5ead02f3f444a87bed7f475e61e7a963443e64
 create mode 100644 .mank/objects/aa/5ef27070cc478f58f868c2b4516b017ac0031f71de64cd6c5f8e41c114df46
 create mode 100644 .mank/objects/aa/7fda4db81b1da45a1fb577b5d4df37cd9c8f28befd2593432f72b92b9d6664
 create mode 100644 .mank/objects/aa/abf6eda479e21d817eb4fdff086c9210e1d1609e6957b7a241df43675e51e5
 create mode 100644 .mank/objects/aa/ba709d05cee1e45ffcc33faa67ce9018cc2672527572f575cce203bf592507
 create mode 100644 .mank/objects/aa/fbf7a15a032f0bf7730a653899c19d11adb5fb7e0908f20825cab7b351ee1a
 create mode 100644 .mank/objects/ab/372ae4c41d2fa8cf02fecacaed2d0dd9c4cd7940f52b179576e42c767b1fe8
 create mode 100644 .mank/objects/ab/ed60f3a855aebbaf10317e05177d4057187b73853b27c7e577c6313dcf6870
 create mode 100644 .mank/objects/ac/2c69fd807528d81f63e02fcbb6df7ad23c61a228bc3c01ba5be8c2d18b9ae8
 create mode 100644 .mank/objects/ac/ed042277f4a1a8beadd59e33d8765cd1019546f0f74e2dcc648b8969f3d58a
 create mode 100644 .mank/objects/ad/49d87f1b9b2f0e5e8688327e99530e5a8e89088b0dfa7c354e11beb209ae0a
 create mode 100644 .mank/objects/ad/97b7db953c6c228ba1e6f04322ba848c6e85d8e8e77f1c377c6b17daa436b9
 create mode 100644 .mank/objects/ad/b15120c4527b1f9b1a921eacd2c0c3a2ca6d69f473694d9704f38bf7180237
 create mode 100644 .mank/objects/ae/b11b0060f8cdedc41b3a3875f47465e7cffe1419a722299a410f407f607449
 create mode 100644 .mank/objects/af/42d9ab41cebb04ca5ec1c56577ac9cdf1aada6de3046a0c43977f190cbf19c
 create mode 100644 .mank/objects/af/cf712b2a2b69b70beece2076cd571af27744157935445bd50b0228983bdc4b
 create mode 100644 .mank/objects/b0/c90a8a757d429b9936f23950d73f86ecba3e83134093f4bec43749f52aac1a
 create mode 100644 .mank/objects/b0/d62ae9ab5d9785cdf291ded5bc1dd083eceb70fc60b033998cce3cd653a424
 create mode 100644 .mank/objects/b1/3437030498fc9618980f80194dedb3974601dd0187c7aa13bb6e4db652fce9
 create mode 100644 .mank/objects/b1/41018fd929c4e75b385446c690f62647b0c9afd085f0b972880b4e4b080f1f
 create mode 100644 .mank/objects/b1/47f302c39accb0d75bfd21fb6ec412d5d75653b0a3527712909e8b8d4ac453
 create mode 100644 .mank/objects/b1/b70b9fb4e1601f4fafe3311711b28c00c1895e9c80ce5c9a57ef16ec1694a6
 create mode 100644 .mank/objects/b1/f0d50d2eac60819d7b20b157dc8d8fa984041c3f05c73eeb95bb9f873e9e84
 create mode 100644 .mank/objects/b1/f307ed1df198fc2a7a93295dd5395f3a781b2f589cb4921a76374555508519
 create mode 100644 .mank/objects/b1/f65dc8fdfeceef6cbb304bd91500579fc552681ec8f7039d50bd093a0d9a9c
 create mode 100644 .mank/objects/b2/fc223ece2a6652aa8b121614725592281fb6e2b4d9a62eefb9ff6c366c7923
 create mode 100644 .mank/objects/b3/38942a3310d96d03b44689a643f997ec8b47483a8f4055cce493973ed97d4c
 create mode 100644 .mank/objects/b3/bf9a8d409dc5e1b361ce05d9ebf8fe70ebaf8a59f9439f8e1ea9348b10a593
 create mode 100644 .mank/objects/b3/f8398cb9e0690146592d9d24f0d284ebe7abc12a609dedd09914e1889385a5
 create mode 100644 .mank/objects/b4/fb7db69f1dc3dfc8e578110bade5b478607fce4e1ab195a60e02aa5151872d
 create mode 100644 .mank/objects/b5/d088b023df69cf85b99328d783ae736b9d910887c9c9e594e023b6927a2fcf
 create mode 100644 .mank/objects/b5/eddbe8c717df2b04ae1a4f2564b78000257ebe88ef99168329b5e311ab323a
 create mode 100644 .mank/objects/b6/2decc846b135c0ab450ba0a492307be5b21c6dd44fa55657f6d582d1cda1d9
 create mode 100644 .mank/objects/b6/37d9728c825028aea88bdfbebdde0047264293af50f5406f6aa7f5ff675521
 create mode 100644 .mank/objects/b6/7055ed11138a3248387578c82289ffc9961b7162855686e142afe1b58c0640
 create mode 100644 .mank/objects/b7/53177f1ac52cbf359e7baf59a5b2b44b3d92fb227b707e6dc4fca0ea3f5c07
 create mode 100644 .mank/objects/b7/a5896563ef9d149a38a5aaac4a1bc867de6acc9029e205b03f257ed2ed5762
 create mode 100644 .mank/objects/b7/ea66f9bfd3e0e072f44539cebf44d1f03d741617247bf9d5c168ab33998ce6
 create mode 100644 .mank/objects/b8/67873ad0aed0c2fe2efecc9c31d5fb6585ffa9be44d8783cc88c4df178bf55
 create mode 100644 .mank/objects/b9/e2985900a1c23bb604412d096df5f83f8e11e4dc87fa18f5ab45b58677745f
 create mode 100644 .mank/objects/ba/7a3f5b7af288e2ea6eb61223a1531320af25384fda6d9987b122af38776e34
 create mode 100644 .mank/objects/bb/a298fb0cb7540ce5e4e29aecef098d28b8231fc52bb27a15a8e9122d8f81ec
 create mode 100644 .mank/objects/bc/1d37cc5a4a58148031bf74c34131d1cf4ec9ecaaae408dc6668fe39fdbd640
 create mode 100644 .mank/objects/bd/5721b8456bc0f7e75d7bd90f799ef0ee10e2fc90b1a29ed98e0881c8747fb3
 create mode 100644 .mank/objects/bd/e7269be80b3f852ef12c833307572bfb302fc4025387f0361fe5887d6771f2
 create mode 100644 .mank/objects/bd/f0691a5b70659565d473d31cc2c40d2015c8af6007dbac887712e8fa44abdc
 create mode 100644 .mank/objects/be/056935164d16afe9f6675df1de02e0259f906f906738eb60883f828ccf4f18
 create mode 100644 .mank/objects/be/3f598582c6073bc5f3aba076ea65fc6899d419d75d2a48466633481fabf638
 create mode 100644 .mank/objects/be/905198e912e650497ce0f73fea34537d5998c4aedf9c093fa7414d243c2bbe
 create mode 100644 .mank/objects/bf/5deb30a48ec131690823ea90d57d567e6aa816a5c86aad0b8fbb726ce15248
 create mode 100644 .mank/objects/bf/6b063e47602e7a4f0f4ec6dba44bd259bd6d307250a9a117a615a4de445c93
 create mode 100644 .mank/objects/c0/f0e78657d2390127e4012dac40bd31451acbf8284752cb29457d54fd09f410
 create mode 100644 .mank/objects/c1/7b2a124005237a7a161d8546571342acd62504f0947ea9edc30555c71b9415
 create mode 100644 .mank/objects/c1/8741257b835f6d76dcab049017113cb13d9c55f616a43283603c56694f7c5e
 create mode 100644 .mank/objects/c1/a565c3a60fa3cb888420f48c4c6a46cc2bcb7f859ceebf36f778f37f8c3bbe
 create mode 100644 .mank/objects/c1/abc6707d574c4f67f6008337c6bebba429a592c4355bc0c91cf87f59c5277f
 create mode 100644 .mank/objects/c1/df135c6a66b10e3ed28372dfcd2241e36eb5ba04a8b9d473ad272dda897055
 create mode 100644 .mank/objects/c2/0a2e8ed78a85ea87b78e8e6b4cb74772881a908704968967121d53ad9fbc19
 create mode 100644 .mank/objects/c2/17aecf96cb1933940d07a70ec6637cf53ff12cea52d90d6d3787267f9ee67f
 create mode 100644 .mank/objects/c2/bc7f2a14668e614ad4e51584cf60018d004a697b3ecf663fafb18e0acfe576
 create mode 100644 .mank/objects/c3/5d2d29e7fa5308df9fa0bfc1e09a1f8f03a9bfabb9c19c4bfdb23f19fd400b
 create mode 100644 .mank/objects/c4/5925c7905ddccf688fbadd2f5ec10015b887d12e32b81d88558b19e9c542ab
 create mode 100644 .mank/objects/c4/a9573a5a97cb3fc70de68ba5c03511b4931917522d103b0c041f7a3d256315
 create mode 100644 .mank/objects/c4/b6360b88c7bc00219d9ebef8056f655da8b66a243c1adecb835b515e466a65
 create mode 100644 .mank/objects/c4/ddf9c376589151433acfd2f0a61f380d1552976bcc5a6804513e697fa43543
 create mode 100644 .mank/objects/c5/16aff2ea3d5eda872964fbd5b5ca90402ff5c9415c0987785109979ef2fa21
 create mode 100644 .mank/objects/c5/5e6dfde11986afdb006a7eb2f125bbab0e073b794cd61e5d4e85e3ce0c1c15
 create mode 100644 .mank/objects/c5/641f2eb463f347b1e8e4472b06ade3f9b5c8dd9495cf0bd40ca8bba1c72c8b
 create mode 100644 .mank/objects/c6/dbb8dd1d4a526a870ab1cc28efcabfb9e1f5d9379fa911c3d0c8af6b6f578b
 create mode 100644 .mank/objects/c7/973cc602251cf742cb0ca22c89158e9f9384d9a4e0940602490e0aff2987dc
 create mode 100644 .mank/objects/c8/11c012b84603db8c30513d58dc7b39f2fa1b0dcb96bb40b9d94a71b750ece5
 create mode 100644 .mank/objects/c8/b244aff79940a3a9f3758df36d7835467a6b4ee3f8e719002c889452eecb71
 create mode 100644 .mank/objects/c9/3f046e56972f9525b6f7940ddda1e986819d275faf4cd8bc0a666eeddd9bca
 create mode 100644 .mank/objects/c9/aa7e67377bd8e4fbe477770ffb6e7d7398bbd00418a0309a68bfb589855131
 create mode 100644 .mank/objects/ca/6a18b5e78065f5364aac19e0a4f4858a8a16920de4fa72a0f737d7e7a07ac1
 create mode 100644 .mank/objects/ca/c341b181e97244bb0149e10cf92b30f3444386ba3c074d4f473da803694fbe
 create mode 100644 .mank/objects/cb/31cceaa872dc6d1e1f52e46f8664a5e7f93d4fe35eeaf795908cec3e5586bf
 create mode 100644 .mank/objects/cb/3f49fe306d155624524a06446db62e25b1260a88c3803025c9dd5f2be0f251
 create mode 100644 .mank/objects/cc/4eed266b386d98520395a32bd82a3d3b67eabe1f9acf540706710c5aae949a
 create mode 100644 .mank/objects/cc/8ab78f2e99bd249d6ed07f4fc17a3313a40a189cbbc43194496c7bf603a439
 create mode 100644 .mank/objects/cc/bbb8e8afaa9394dca1094b395e6cc1518546ce3e18b903e0c07ce97ce37e7c
 create mode 100644 .mank/objects/cc/c5a772970ab342a2e765680db04b2081298922becb459f2d282eb6bf69cba2
 create mode 100644 .mank/objects/cc/f7903f56f95cd313250608b214d7efb09b0d60438de773a378ad764935f2b0
 create mode 100644 .mank/objects/cd/048ed09879724fbf309b5bdb8f7f537e8d6eb7137b9a1e14e32a9863b952a5
 create mode 100644 .mank/objects/ce/53bc766b9977da4c494533f6ee408a236ec5b20fa0d3a862cc747b03c909dc
 create mode 100644 .mank/objects/ce/63d07388d799f4de7b5d43117f24e52bb5c53c2fd34d0738d4dbbc96b3b2a9
 create mode 100644 .mank/objects/ce/c77369cb5582b99a63c5c3786352be70b9e65e099a94f761534d2c4e5cf87b
 create mode 100644 .mank/objects/cf/188e7711da175fb2bbae34ddf29c051c25e6eed2b740216a9f8ccc086b0c95
 create mode 100644 .mank/objects/cf/e9d49c1bba83e6ecdfe602dcd292a58b57f67097b9b996407907888e51a366
 create mode 100644 .mank/objects/d0/029990383b0a3b400b85dacf6fb3e035df577510c44aea648c742003302fa3
 create mode 100644 .mank/objects/d0/1b7bac2e2d1a2374578f9edfb2a5af864bbdf14564d360cc4a2d16aacd03e7
 create mode 100644 .mank/objects/d0/64ff38350a4a8e5fa5d87332c1aa5cfce46380f4df87e24affdc8735836227
 create mode 100644 .mank/objects/d0/9701764b1b4209faadc54782ff948e64d71bb734a79004fd77fe1c4169125a
 create mode 100644 .mank/objects/d0/c4e16b66c05fc64fe6637ec47ac5e89c59b70ce32064360e2ed8c59d28ff83
 create mode 100644 .mank/objects/d0/d63cb77f1f49dfd816b95b83a7cf285318daf0ecd22ce66d89dd367b79d689
 create mode 100644 .mank/objects/d0/fd0ac5e472e21e0074f2d49f05cf3f5dc829764c4c653b191630ece6df1454
 create mode 100644 .mank/objects/d1/84f8779df32d52da32bbf61f16806ef3678a5ead33731632b0d623bb4b0af9
 create mode 100644 .mank/objects/d1/dc6899f52c88ff0aae7ae4553a5ccb02f46cb8e7e2bbbf35acb16a8a9eba11
 create mode 100644 .mank/objects/d2/a27908569c71f9897be5d53c08e9300320e34ec9a8bacf6094fc3e3bf66b3d
 create mode 100644 .mank/objects/d2/ba7e01ef6454fefa1230d2dc51ec971892174f1a2a6143798903e1fe2c7958
 create mode 100644 .mank/objects/d3/825a70337940ebbd0a5c072984e13245920cdf8898bd225c8d27a6dfc9cb53
 create mode 100644 .mank/objects/d5/53f0ae33c1ad0d7096d6e3a0790036c8f050d8ce690afa01ad30a43a0a0d54
 create mode 100644 .mank/objects/d5/ead11d2201af33db0daa995ab6dc939ec62845d6a578990c5fd7abf6fba37e
 create mode 100644 .mank/objects/d6/11c16bd2a505cc36ccfee5f7f7f740ffa6acc336eda2e904707497fb877cef
 create mode 100644 .mank/objects/d6/b91b2eb9c11d54e134b1fe48ed1f922584bec80f211ba70d3799500a2ad0b9
 create mode 100644 .mank/objects/d7/1afa1da537d45a883fa397686a177bf59de8acca4e956937de30b803bb1b0f
 create mode 100644 .mank/objects/d7/3c9f26bb00983db94dc1e173932fe22bb3097fb35d6aaaefef84a41a583e80
 create mode 100644 .mank/objects/d7/76eb94cd3b93f16edb6147045069a5d5e22aaa03ba2c7b41c28ff7bd74b858
 create mode 100644 .mank/objects/d7/7b533ff9b312c21b663376bf9969435aaea565b3cfb155232ca61e34f623ba
 create mode 100644 .mank/objects/d7/8a644c025afdadc0a3235dc8da50145b5786b025a9ae9c87c91fbe6ac805f1
 create mode 100644 .mank/objects/d7/bd2ad02d541e99630a8d88c3756776d5610aba4f54a97bb1d609d4e4b03b49
 create mode 100644 .mank/objects/d8/89f86e957058c57ec47566ced400e97aa3053620bc45f627d602f348796ed0
 create mode 100644 .mank/objects/db/13e6546ecc4aa021cd2404e5bdd89851f2ae59fd37471236477ea1d91846d4
 create mode 100644 .mank/objects/dc/7cf8f38ac7e0d730a14e2d54083dda233a5e77464e4e5045c545dd0a494d68
 create mode 100644 .mank/objects/dc/bb1ef4c5fba47aa5dcc43a1a26a523735232be81a2c622340aa639e5a1769a
 create mode 100644 .mank/objects/dc/dd125c025c6c6539b4d8f602707733b9f1eccb472d7de5ab80368d216fce57
 create mode 100644 .mank/objects/dc/f5d3760c66814e064ede5b61f5ec9fb6700f4a83177d4174d7efc5d0cb8911
 create mode 100644 .mank/objects/dd/0d5d1dc837b193900e6718f238bb0584bf4fe7be859d448ccbad1cd8cc4bbb
 create mode 100644 .mank/objects/dd/10b2168618468f84272a242d457daa44554556ff9f52c311dbcee6c87c76cc
 create mode 100644 .mank/objects/dd/5d6de097d9f2679150d9d9a579f9e9e702e0d72d68571e7f1a777ec70fd24e
 create mode 100644 .mank/objects/de/c5f4eace2672484a12aa8c219aecc1274cf38ac00ffc87da684c319c4f6401
 create mode 100644 .mank/objects/de/c93e804b414d3f6ad8276dcf5abc00ce2c8d5a7f4c7b48a6bbe43c71292f9d
 create mode 100644 .mank/objects/df/f51b202c3b0395191c2b6ac6c594345cff28c56c6974faf3632720335320e5
 create mode 100644 .mank/objects/e0/18c532b12743dfd39803fb7c7b91c20537e83c4884f24ea9e430bfa9c1efe2
 create mode 100644 .mank/objects/e0/549964e93897b519bd8e333c037e51fff0f88ba13e086a331592bf801fa1d0
 create mode 100644 .mank/objects/e0/bff5f290747c71ae36dafacb9379c584b6f5e9811ef21ffc2b3a974d6743f0
 create mode 100644 .mank/objects/e0/df8f458238ad2143c9dbc5c470c17a3e4e5f15984c331fcc57cba2f7a27b8e
 create mode 100644 .mank/objects/e1/5c5b469ea3e0a695bea6f2c82bcf8e62821074939ddd85b77e0007ff165475
 create mode 100644 .mank/objects/e1/e818ad2d4f90acd328460ed1b53f556f38070cf808687e52b2206c0803247a
 create mode 100644 .mank/objects/e2/3bcc18afec288c25d80e97c76801212e88379741e1b0a051db09b507799cc4
 create mode 100644 .mank/objects/e2/a6043a9957e3d81f7e7184d8e4e648a5b1063d9e904d58a9364fd425dd3d54
 create mode 100644 .mank/objects/e3/5d252700598e3e206d0dd4482045c2c28b9ff504be0655cb5920396e4adc7d
 create mode 100644 .mank/objects/e4/608d24aee2131a773de0cc3a3d6dcbd90bda52b05c3bb968b2f0365cb1d38c
 create mode 100644 .mank/objects/e4/b1f06de9bb08b884bee0ffb4333351ef036fead53bcb2c8822c3d1329e4119
 create mode 100644 .mank/objects/e5/c834b5f088c00476d307821357d1ac8b5756db286bb3e82e8993ea204abd31
 create mode 100644 .mank/objects/e6/e2a93a38380a75afb88545e4df72ff25fdb59704e91e38791e70c4c02ebc00
 create mode 100644 .mank/objects/e7/5d1fb03211a1bb254e5a1ae9f2e818e2e7a51ca7cc8d5664ddd2bc25c4a5ac
 create mode 100644 .mank/objects/e8/a4445e7f8a6a92815dbf17cd961ac4ce1c29a66bd3d76de7a1dd190eb4e21f
 create mode 100644 .mank/objects/e9/96b73a270228bc4678e44d17a770df366bcbcc4270227eff85a02aaac27a59
 create mode 100644 .mank/objects/e9/ddcaa4189fddd25ed97fc8c789eca7b6ca16390b2392ae3276f0c8e1aa4619
 create mode 100644 .mank/objects/ea/859c30426b115789d70ae49ca9208975399ef9c83165f2cc969afe792c1c70
 create mode 100644 .mank/objects/eb/7c84b5c1ae6e76545d2e555150819354e036ab1543b649539706d845dcd3fd
 create mode 100644 .mank/objects/eb/bbdd1f6b3f2e67c40e4b6e8656983125dd25917a09ffd9ed6971c5dcf79072
 create mode 100644 .mank/objects/eb/e7ab4355ac75c0e00bb698771ffcf737065571d1f3218e9b9f905acd2667bf
 create mode 100644 .mank/objects/ec/1bddd3bde719072f2015dfd07d9fdbb742dce1f23ce158a577db64a06766da
 create mode 100644 .mank/objects/ec/3f46b636d80c53e52e88370a2ec8715f8a25b202e9a2cff9f5074d4c78c581
 create mode 100644 .mank/objects/ec/571547d6f3f46c5b319911061f70538cc870232392cf01d0db913ecc1d618b
 create mode 100644 .mank/objects/ec/a1c733f608e78c90b65fd30d60630e95c80ae0b3423df821e986d396ee0a7a
 create mode 100644 .mank/objects/ec/bffc76a6238a347d787f49c5764496e40b1050f86c561887d541b504bff7e9
 create mode 100644 .mank/objects/ec/ce9c7e04d3f5dd9d8ada81753dd1d549a9634b26770042b58dda00217d086a
 create mode 100644 .mank/objects/ed/f46efd0b864ec15227d7c2f6edbd0219f6a8509c7ba1516fdb03266478af8f
 create mode 100644 .mank/objects/ee/03add858a542f85d5eac705b3bbae8ac77198fd3902634578dd212266b019d
 create mode 100644 .mank/objects/ee/b1ae64d10aff67a523d9f2048651d89bf86cc2b4df9ddc627159d764a9340c
 create mode 100644 .mank/objects/ef/bc475843702f59d4ccb0b47882f7cec23f194144175539f10474861916385d
 create mode 100644 .mank/objects/f0/27c43c7be88ed307a52f87a5fe42d19b9ce99952db87a161792203ac101571
 create mode 100644 .mank/objects/f0/711c7637f5704944102113435113144507a854aaa94e39e67e7ce82c772ab4
 create mode 100644 .mank/objects/f0/7b7c818f8fb1daf960c7a11688ab2579e527392342b40c7c53d3279cd92d97
 create mode 100644 .mank/objects/f0/bd9a9be0ec68ed85a9200ab761e33ce7aa965546b2c33b7195d6c28cd4b39a
 create mode 100644 .mank/objects/f0/e3637a723f745c66daa984064d9429a3ca164f480cc9ccea28f05f67be2797
 create mode 100644 .mank/objects/f1/1fb3ff693e5f43297f4bca43b5e4652678583521bc7fb1e3942b231bf3bd75
 create mode 100644 .mank/objects/f1/d0265d82b3d95c070809fad9e9aa45b8ce5e70725257436311bc69405aa400
 create mode 100644 .mank/objects/f2/381819a09164ee9a00ff229889f3fd1f04163e85f993001997ca5ea1f198f5
 create mode 100644 .mank/objects/f2/421abfd306e771f820a4288fbd0ed46580fa70852ac431ca9146dde3a3e161
 create mode 100644 .mank/objects/f2/f55116c6ab5c912e3942c2e42a0b61660029b3d9a4793148177b0dca6b4883
 create mode 100644 .mank/objects/f3/5cc370cd58c13cc405314d35f6682231869a1ff121cf778525c2edbc50aaa5
 create mode 100644 .mank/objects/f3/85210d1df5d9a4a6773330cd5364d6ae294dc042c9764edeb613a6a6d7b1da
 create mode 100644 .mank/objects/f3/f7ec6010a00472c4e809b16ae818929f2f1e75c42ac1ec5a7ed99957f6dd14
 create mode 100644 .mank/objects/f4/01d30313a70c7aa230872983dde04745f1aa8d9b7000494822a11aec393523
 create mode 100644 .mank/objects/f4/3d98b0a8e14ede6d15e359f9f7bf336593174a8d405e7e5aca301fd375343e
 create mode 100644 .mank/objects/f4/6d8a19918439145c3269c890ff8c04882798a4c37f3ec8be8797ad6a018009
 create mode 100644 .mank/objects/f4/6db83891d0aba16504262947d940da7a3a25b30cd95ad79887411dcd3a0f16
 create mode 100644 .mank/objects/f5/d6d4d610896c4b7b60b670bcf3964f40565ab37fe4b339b27746632c00da5e
 create mode 100644 .mank/objects/f6/068c9fae2a76e02bb8ecbe88b102f6604b9df98b7d00b7b54b3d290bae12e7
 create mode 100644 .mank/objects/f6/4afc496989ddfa0384d4e0801f73d687b540ce8be00b9b828b336c114cca07
 create mode 100644 .mank/objects/f6/8e87b3eb53a397d3cd0b05732d091009dfbd0a26166680b422845797127907
 create mode 100644 .mank/objects/f6/94bf148092d4fe2c07d477a556d584b334ee649e9af31bf98002ea7cc0cce9
 create mode 100644 .mank/objects/f6/d54a2a8fd25bb4f1d29379e6eb4272e01dc4a9dcd0a88cfa1a6b9be8bf1471
 create mode 100644 .mank/objects/f6/ef5310248f5007778c7c5deb3e2dc71f4c3a71bcfe2471f19b30232b75f8ae
 create mode 100644 .mank/objects/f7/c621186fad85d78bfc068c3e323bdfae2633c8b312e42cb92cf626e4b34e08
 create mode 100644 .mank/objects/f7/f9ad2f5cc41ed0b6fe8cb47273b7adfb1684fe288210c18bdacfb4ded6a182
 create mode 100644 .mank/objects/f8/4f9c4c66ac920e092ae4aeee5d6a068947b79a4d0cfd39ec9cc38af927cfb4
 create mode 100644 .mank/objects/f8/7e7ac7b12dbf8d1ff6fffa93a1ec6ecb613cf4b5eb4704cb2787eebedad140
 create mode 100644 .mank/objects/f9/a6892c624ae9fd0c382d54aad9886fe6eb46bad5881a0a27aef06b7d11c489
 create mode 100644 .mank/objects/f9/c783e9d9bb13b06795a6e3a9077123eee4ffaf92ec7de1a9024bc77fcd5148
 create mode 100644 .mank/objects/fa/2b566fda6bdb6ba3a6e65eb49d5450281845226030a69ae8f27179ddf0e4df
 create mode 100644 .mank/objects/fb/020ac6dceea4caa1090084cc41ca4ee3501aea892dbd54f1b26fb22c3683d9
 create mode 100644 .mank/objects/fc/dcbeb7e110628d17c99fc103d9d741547e5fb18cf9bc6e72823ca5ce97fb09
 create mode 100644 .mank/objects/fc/e808ffbd30c456f32a19f0e4af5fe4805b1301b4e553b619b91a8e2e4eebc0
 create mode 100644 .mank/objects/fd/b93b5583f4fe84bc1d39249a8f259e9ff13f921fe2a437a490067a5c84cfc7
 create mode 100644 .mank/objects/fd/bf33bd265297ccec76c3ac5fec561480e7df0373b57118f032aad7f60af244
 create mode 100644 .mank/objects/fd/f061404f68b0eb71c00bb9e4c87eeeb9be4dbfc1791121f0bb10dd4c71a04c
 create mode 100644 .mank/objects/fd/f8a75e3523c4aea3dc1a2abff6b52a1c4e53b359c18d9b76bfb5aa180757cd
 create mode 100644 .mank/objects/fe/c5753af08bc4fece9a4975fdb20dc3e4fe6ffc3dadbe65d743f996be1767f5
 create mode 100644 .mank/objects/fe/eacfd38d25da1ad4bc15926a51b7da9d61dbb54fc042b91ae6660aa21b5058
 create mode 100644 .mank/objects/ff/0cb5be330b800d9e8da07eec9ea7a38bc01880aff8426756e38b5222314463
 create mode 100644 .mank/objects/ff/28c36ac866b269eda17f691dd941c864baa3a7325dacea693ec30a08a3f35d
 create mode 100644 .mank/objects/ff/968875af94fe60cc5d0fcf6e6021ea0baba097ba62205a088da01debc1fa56

$ git push -u origin main
To github.com:eLiteEs/mank.git
   1a90beb..cd62c2a  main -> main
branch 'main' set up to track 'origin/main'.

--- Exit code: 0 ---
sh: 1: notify-send: not found
