=== Job: publish ===
Run: 9
Date: Fri May  8 15:42:16 2026
Steps: 3
---

$ git add .

$ git commit -m "sync from mank"
[main f7d5371] sync from mank
 12 files changed, 62 insertions(+), 12 deletions(-)
 create mode 100644 .mank/ci/runs/publish/9.log
 create mode 100644 .mank/objects/09/21fdd6534bc5ff39aed9aff889832bfd68c0c4efab465b80d4a94d5a609ebd
 create mode 100644 .mank/objects/5c/49c4f1682320ebd64abc6f7c2c53b705d86fb916f26b02a5a3e271e1bfff81
 create mode 100644 .mank/objects/af/8666370b6a1514b1271c1f23d95b53f4aa7ce08225a5b367108628789aade1
 create mode 100644 .mank/objects/be/6818f6d91e0eb04fddbb7532eb6cf73d20a1da43f93f0512fc52e3aff071d7
 create mode 100644 .mank/objects/e2/051a522320ab1669017e884040f3336b6690f844ed8a0f9b5660a022881a63

$ git push -u origin main
To github.com:eLiteEs/mank
   d5c4d44..f7d5371  main -> main
rama 'main' configurada para rastrear 'origin/main'.

--- Exit code: 0 ---
